<?xml version="1.0" encoding="UTF-8"?>
<testsuite xmlns:xsi="http://www.w3.org/2001/XMLSchema-instance" xsi:noNamespaceSchemaLocation="https://maven.apache.org/surefire/maven-surefire-plugin/xsd/surefire-test-report.xsd" name="com.ipme.poec.ACCSetup.UserTests" time="0.173" tests="6" errors="0" skipped="0" failures="0">
  <properties>
[...]
</properties>
  <testcase name="getUserNameTest" classname="com.ipme.poec.ACCSetup.UserTests" time="0.019"/>
  <testcase name="saveUserTest" classname="com.ipme.poec.ACCSetup.UserTests" time="0.028"/>
  <testcase name="updateUserNameTest" classname="com.ipme.poec.ACCSetup.UserTests" time="0.019"/>
  <testcase name="updateUserPasswordTest" classname="com.ipme.poec.ACCSetup.UserTests" time="0.021"/>
  <testcase name="createUserTest" classname="com.ipme.poec.ACCSetup.UserTests" time="0.016"/>
  <testcase name="deleteUserTest" classname="com.ipme.poec.ACCSetup.UserTests" time="0.016"/>
</testsuite>